  [1m[35m (1.5ms)[0m  [1m[35mCREATE TABLE "schema_migrations" ("version" varchar NOT NULL PRIMARY KEY) /*application='Camaar'*/[0m
  [1m[35m (0.2ms)[0m  [1m[35mCREATE TABLE "ar_internal_metadata" ("key" varchar NOT NULL PRIMARY KEY, "value" varchar, "created_at" datetime(6) NOT NULL, "updated_at" datetime(6) NOT NULL) /*application='Camaar'*/[0m
  [1m[36mActiveRecord::InternalMetadata Load (0.1ms)[0m  [1m[34mSELECT * FROM "ar_internal_metadata" WHERE "ar_internal_metadata"."key" = 'environment' ORDER BY "ar_internal_metadata"."key" ASC LIMIT 1 /*application='Camaar'*/[0m
  [1m[36mActiveRecord::InternalMetadata Create (0.3ms)[0m  [1m[32mINSERT INTO "ar_internal_metadata" ("key", "value", "created_at", "updated_at") VALUES ('environment', 'development', '2025-12-06 04:24:33.035761', '2025-12-06 04:24:33.035763') RETURNING "key" /*application='Camaar'*/[0m
  [1m[36mActiveRecord::SchemaMigration Load (0.0ms)[0m  [1m[34mSELECT "schema_migrations"."version" FROM "schema_migrations" ORDER BY "schema_migrations"."version" ASC /*application='Camaar'*/[0m
Migrating to CreateAlunos (20251206042044)
  [1m[36mTRANSACTION (0.0ms)[0m  [1m[35mBEGIN immediate TRANSACTION /*application='Camaar'*/[0m
  [1m[35m (0.7ms)[0m  [1m[35mCREATE TABLE "alunos" ("id" integer PRIMARY KEY AUTOINCREMENT NOT NULL, "nome" varchar, "curso" varchar, "matricula" varchar, "departamento" varchar, "formacao" varchar, "usuario" varchar, "email" varchar, "ocupacao" varchar, "registered" boolean, "password_digest" varchar, "created_at" datetime(6) NOT NULL, "updated_at" datetime(6) NOT NULL) /*application='Camaar'*/[0m
  [1m[36mActiveRecord::SchemaMigration Create (0.1ms)[0m  [1m[32mINSERT INTO "schema_migrations" ("version") VALUES ('20251206042044') RETURNING "version" /*application='Camaar'*/[0m
  [1m[36mTRANSACTION (0.1ms)[0m  [1m[35mCOMMIT TRANSACTION /*application='Camaar'*/[0m
Migrating to CreateProfessors (20251206042050)
  [1m[36mTRANSACTION (0.0ms)[0m  [1m[35mBEGIN immediate TRANSACTION /*application='Camaar'*/[0m
  [1m[35m (0.8ms)[0m  [1m[35mCREATE TABLE "professors" ("id" integer PRIMARY KEY AUTOINCREMENT NOT NULL, "nome" varchar, "departamento" varchar, "formacao" varchar, "usuario" varchar, "email" varchar, "ocupacao" varchar, "password_digest" varchar, "created_at" datetime(6) NOT NULL, "updated_at" datetime(6) NOT NULL) /*application='Camaar'*/[0m
  [1m[36mActiveRecord::SchemaMigration Create (0.0ms)[0m  [1m[32mINSERT INTO "schema_migrations" ("version") VALUES ('20251206042050') RETURNING "version" /*application='Camaar'*/[0m
  [1m[36mTRANSACTION (0.1ms)[0m  [1m[35mCOMMIT TRANSACTION /*application='Camaar'*/[0m
Migrating to CreateAdministradors (20251206042053)
  [1m[36mTRANSACTION (0.0ms)[0m  [1m[35mBEGIN immediate TRANSACTION /*application='Camaar'*/[0m
  [1m[35m (0.9ms)[0m  [1m[35mCREATE TABLE "administradors" ("id" integer PRIMARY KEY AUTOINCREMENT NOT NULL, "nome" varchar, "departamento" varchar, "formacao" varchar, "usuario" varchar, "email" varchar, "ocupacao" varchar, "password_digest" varchar, "created_at" datetime(6) NOT NULL, "updated_at" datetime(6) NOT NULL) /*application='Camaar'*/[0m
  [1m[36mActiveRecord::SchemaMigration Create (0.0ms)[0m  [1m[32mINSERT INTO "schema_migrations" ("version") VALUES ('20251206042053') RETURNING "version" /*application='Camaar'*/[0m
  [1m[36mTRANSACTION (0.1ms)[0m  [1m[35mCOMMIT TRANSACTION /*application='Camaar'*/[0m
Migrating to CreateDisciplinas (20251206042056)
  [1m[36mTRANSACTION (0.0ms)[0m  [1m[35mBEGIN immediate TRANSACTION /*application='Camaar'*/[0m
  [1m[35m (1.0ms)[0m  [1m[35mCREATE TABLE "disciplinas" ("id" integer PRIMARY KEY AUTOINCREMENT NOT NULL, "codigo" varchar, "nome" varchar, "created_at" datetime(6) NOT NULL, "updated_at" datetime(6) NOT NULL) /*application='Camaar'*/[0m
  [1m[36mActiveRecord::SchemaMigration Create (0.0ms)[0m  [1m[32mINSERT INTO "schema_migrations" ("version") VALUES ('20251206042056') RETURNING "version" /*application='Camaar'*/[0m
  [1m[36mTRANSACTION (0.1ms)[0m  [1m[35mCOMMIT TRANSACTION /*application='Camaar'*/[0m
Migrating to CreateTurmas (20251206042101)
  [1m[36mTRANSACTION (0.0ms)[0m  [1m[35mBEGIN immediate TRANSACTION /*application='Camaar'*/[0m
  [1m[35m (1.0ms)[0m  [1m[35mCREATE TABLE "turmas" ("id" integer PRIMARY KEY AUTOINCREMENT NOT NULL, "professor_id" integer NOT NULL, "disciplina_id" integer NOT NULL, "formulario_id" integer NOT NULL, "semestre" varchar, "horario" varchar, "created_at" datetime(6) NOT NULL, "updated_at" datetime(6) NOT NULL, CONSTRAINT "fk_rails_4f2278ddee"
FOREIGN KEY ("professor_id")
  REFERENCES "professors" ("id")
, CONSTRAINT "fk_rails_76e53910e3"
FOREIGN KEY ("disciplina_id")
  REFERENCES "disciplinas" ("id")
, CONSTRAINT "fk_rails_a808c35a58"
FOREIGN KEY ("formulario_id")
  REFERENCES "formularios" ("id")
) /*application='Camaar'*/[0m
  [1m[35m (0.1ms)[0m  [1m[35mCREATE INDEX "index_turmas_on_professor_id" ON "turmas" ("professor_id") /*application='Camaar'*/[0m
  [1m[35m (0.1ms)[0m  [1m[35mCREATE INDEX "index_turmas_on_disciplina_id" ON "turmas" ("disciplina_id") /*application='Camaar'*/[0m
  [1m[35m (0.0ms)[0m  [1m[35mCREATE INDEX "index_turmas_on_formulario_id" ON "turmas" ("formulario_id") /*application='Camaar'*/[0m
  [1m[36mActiveRecord::SchemaMigration Create (0.0ms)[0m  [1m[32mINSERT INTO "schema_migrations" ("version") VALUES ('20251206042101') RETURNING "version" /*application='Camaar'*/[0m
  [1m[36mTRANSACTION (0.2ms)[0m  [1m[35mCOMMIT TRANSACTION /*application='Camaar'*/[0m
Migrating to CreateTemplates (20251206042105)
  [1m[36mTRANSACTION (0.0ms)[0m  [1m[35mBEGIN immediate TRANSACTION /*application='Camaar'*/[0m
  [1m[35m (1.0ms)[0m  [1m[35mCREATE TABLE "templates" ("id" integer PRIMARY KEY AUTOINCREMENT NOT NULL, "administrador_id" integer NOT NULL, "nome" varchar, "created_at" datetime(6) NOT NULL, "updated_at" datetime(6) NOT NULL, CONSTRAINT "fk_rails_ba052db6da"
FOREIGN KEY ("administrador_id")
  REFERENCES "administradors" ("id")
) /*application='Camaar'*/[0m
  [1m[35m (0.1ms)[0m  [1m[35mCREATE INDEX "index_templates_on_administrador_id" ON "templates" ("administrador_id") /*application='Camaar'*/[0m
  [1m[36mActiveRecord::SchemaMigration Create (0.0ms)[0m  [1m[32mINSERT INTO "schema_migrations" ("version") VALUES ('20251206042105') RETURNING "version" /*application='Camaar'*/[0m
  [1m[36mTRANSACTION (0.1ms)[0m  [1m[35mCOMMIT TRANSACTION /*application='Camaar'*/[0m
Migrating to CreateFormularios (20251206042108)
  [1m[36mTRANSACTION (0.0ms)[0m  [1m[35mBEGIN immediate TRANSACTION /*application='Camaar'*/[0m
  [1m[35m (1.3ms)[0m  [1m[35mCREATE TABLE "formularios" ("id" integer PRIMARY KEY AUTOINCREMENT NOT NULL, "administrador_id" integer NOT NULL, "template_id" integer NOT NULL, "turma_id" integer NOT NULL, "created_at" datetime(6) NOT NULL, "updated_at" datetime(6) NOT NULL, CONSTRAINT "fk_rails_126958d03b"
FOREIGN KEY ("administrador_id")
  REFERENCES "administradors" ("id")
, CONSTRAINT "fk_rails_93cfa19b36"
FOREIGN KEY ("template_id")
  REFERENCES "templates" ("id")
, CONSTRAINT "fk_rails_5a2be0c3c1"
FOREIGN KEY ("turma_id")
  REFERENCES "turmas" ("id")
) /*application='Camaar'*/[0m
  [1m[35m (0.1ms)[0m  [1m[35mCREATE INDEX "index_formularios_on_administrador_id" ON "formularios" ("administrador_id") /*application='Camaar'*/[0m
  [1m[35m (0.0ms)[0m  [1m[35mCREATE INDEX "index_formularios_on_template_id" ON "formularios" ("template_id") /*application='Camaar'*/[0m
  [1m[35m (0.0ms)[0m  [1m[35mCREATE INDEX "index_formularios_on_turma_id" ON "formularios" ("turma_id") /*application='Camaar'*/[0m
  [1m[36mActiveRecord::SchemaMigration Create (0.4ms)[0m  [1m[32mINSERT INTO "schema_migrations" ("version") VALUES ('20251206042108') RETURNING "version" /*application='Camaar'*/[0m
  [1m[36mTRANSACTION (0.1ms)[0m  [1m[35mCOMMIT TRANSACTION /*application='Camaar'*/[0m
Migrating to CreatePergunta (20251206042228)
  [1m[36mTRANSACTION (0.0ms)[0m  [1m[35mBEGIN immediate TRANSACTION /*application='Camaar'*/[0m
  [1m[35m (0.6ms)[0m  [1m[35mCREATE TABLE "pergunta" ("id" integer PRIMARY KEY AUTOINCREMENT NOT NULL, "template_id" integer NOT NULL, "formulario_id" integer NOT NULL, "texto" varchar, "resposta" varchar, "created_at" datetime(6) NOT NULL, "updated_at" datetime(6) NOT NULL, CONSTRAINT "fk_rails_00b73a84ff"
FOREIGN KEY ("template_id")
  REFERENCES "templates" ("id")
, CONSTRAINT "fk_rails_0b672234bf"
FOREIGN KEY ("formulario_id")
  REFERENCES "formularios" ("id")
) /*application='Camaar'*/[0m
  [1m[35m (0.1ms)[0m  [1m[35mCREATE INDEX "index_pergunta_on_template_id" ON "pergunta" ("template_id") /*application='Camaar'*/[0m
  [1m[35m (0.0ms)[0m  [1m[35mCREATE INDEX "index_pergunta_on_formulario_id" ON "pergunta" ("formulario_id") /*application='Camaar'*/[0m
  [1m[36mActiveRecord::SchemaMigration Create (0.0ms)[0m  [1m[32mINSERT INTO "schema_migrations" ("version") VALUES ('20251206042228') RETURNING "version" /*application='Camaar'*/[0m
  [1m[36mTRANSACTION (0.1ms)[0m  [1m[35mCOMMIT TRANSACTION /*application='Camaar'*/[0m
Migrating to CreateJoinTables (20251206042251)
  [1m[36mTRANSACTION (0.0ms)[0m  [1m[35mBEGIN immediate TRANSACTION /*application='Camaar'*/[0m
  [1m[36mActiveRecord::SchemaMigration Create (0.5ms)[0m  [1m[32mINSERT INTO "schema_migrations" ("version") VALUES ('20251206042251') RETURNING "version" /*application='Camaar'*/[0m
  [1m[36mTRANSACTION (0.1ms)[0m  [1m[35mCOMMIT TRANSACTION /*application='Camaar'*/[0m
  [1m[36mActiveRecord::SchemaMigration Load (0.0ms)[0m  [1m[34mSELECT "schema_migrations"."version" FROM "schema_migrations" ORDER BY "schema_migrations"."version" ASC /*application='Camaar'*/[0m
