  [1m[35m (1.4ms)[0m  [1m[35mCREATE TABLE "schema_migrations" ("version" varchar NOT NULL PRIMARY KEY) /*application='CamaarRails'*/[0m
  [1m[35m (0.1ms)[0m  [1m[35mCREATE TABLE "ar_internal_metadata" ("key" varchar NOT NULL PRIMARY KEY, "value" varchar, "created_at" datetime(6) NOT NULL, "updated_at" datetime(6) NOT NULL) /*application='CamaarRails'*/[0m
  [1m[36mActiveRecord::InternalMetadata Load (0.1ms)[0m  [1m[34mSELECT * FROM "ar_internal_metadata" WHERE "ar_internal_metadata"."key" = 'environment' ORDER BY "ar_internal_metadata"."key" ASC LIMIT 1 /*application='CamaarRails'*/[0m
  [1m[36mActiveRecord::InternalMetadata Create (0.1ms)[0m  [1m[32mINSERT INTO "ar_internal_metadata" ("key", "value", "created_at", "updated_at") VALUES ('environment', 'development', '2025-11-26 14:26:37.752733', '2025-11-26 14:26:37.752735') RETURNING "key" /*application='CamaarRails'*/[0m
  [1m[36mActiveRecord::SchemaMigration Load (0.0ms)[0m  [1m[34mSELECT "schema_migrations"."version" FROM "schema_migrations" ORDER BY "schema_migrations"."version" ASC /*application='CamaarRails'*/[0m
Migrating to CreateTemplates (20251126142508)
  [1m[36mTRANSACTION (0.0ms)[0m  [1m[35mBEGIN immediate TRANSACTION /*application='CamaarRails'*/[0m
  [1m[35m (1.2ms)[0m  [1m[35mCREATE TABLE "templates" ("id" integer PRIMARY KEY AUTOINCREMENT NOT NULL, "administrator_ID" integer, "name" varchar, "created_at" datetime(6) NOT NULL, "updated_at" datetime(6) NOT NULL) /*application='CamaarRails'*/[0m
  [1m[36mActiveRecord::SchemaMigration Create (0.1ms)[0m  [1m[32mINSERT INTO "schema_migrations" ("version") VALUES ('20251126142508') RETURNING "version" /*application='CamaarRails'*/[0m
  [1m[36mTRANSACTION (0.1ms)[0m  [1m[35mCOMMIT TRANSACTION /*application='CamaarRails'*/[0m
Migrating to CreateForms (20251126142538)
  [1m[36mTRANSACTION (0.0ms)[0m  [1m[35mBEGIN immediate TRANSACTION /*application='CamaarRails'*/[0m
  [1m[35m (0.7ms)[0m  [1m[35mCREATE TABLE "forms" ("id" integer PRIMARY KEY AUTOINCREMENT NOT NULL, "administrator_ID" integer, "template_ID" integer, "turma_ID" integer, "created_at" datetime(6) NOT NULL, "updated_at" datetime(6) NOT NULL) /*application='CamaarRails'*/[0m
  [1m[36mActiveRecord::SchemaMigration Create (0.0ms)[0m  [1m[32mINSERT INTO "schema_migrations" ("version") VALUES ('20251126142538') RETURNING "version" /*application='CamaarRails'*/[0m
  [1m[36mTRANSACTION (0.1ms)[0m  [1m[35mCOMMIT TRANSACTION /*application='CamaarRails'*/[0m
Migrating to CreateQuestions (20251126142551)
  [1m[36mTRANSACTION (0.0ms)[0m  [1m[35mBEGIN immediate TRANSACTION /*application='CamaarRails'*/[0m
  [1m[35m (0.7ms)[0m  [1m[35mCREATE TABLE "questions" ("id" integer PRIMARY KEY AUTOINCREMENT NOT NULL, "form_ID" integer, "template_ID" integer, "texto" varchar, "resposta" varchar, "created_at" datetime(6) NOT NULL, "updated_at" datetime(6) NOT NULL) /*application='CamaarRails'*/[0m
  [1m[36mActiveRecord::SchemaMigration Create (0.0ms)[0m  [1m[32mINSERT INTO "schema_migrations" ("version") VALUES ('20251126142551') RETURNING "version" /*application='CamaarRails'*/[0m
  [1m[36mTRANSACTION (0.1ms)[0m  [1m[35mCOMMIT TRANSACTION /*application='CamaarRails'*/[0m
Migrating to CreateCourses (20251126142600)
  [1m[36mTRANSACTION (0.0ms)[0m  [1m[35mBEGIN immediate TRANSACTION /*application='CamaarRails'*/[0m
  [1m[35m (0.8ms)[0m  [1m[35mCREATE TABLE "courses" ("id" integer PRIMARY KEY AUTOINCREMENT NOT NULL, "code" varchar, "name" varchar, "created_at" datetime(6) NOT NULL, "updated_at" datetime(6) NOT NULL) /*application='CamaarRails'*/[0m
  [1m[36mActiveRecord::SchemaMigration Create (0.0ms)[0m  [1m[32mINSERT INTO "schema_migrations" ("version") VALUES ('20251126142600') RETURNING "version" /*application='CamaarRails'*/[0m
  [1m[36mTRANSACTION (0.1ms)[0m  [1m[35mCOMMIT TRANSACTION /*application='CamaarRails'*/[0m
Migrating to CreateClassesses (20251126142607)
  [1m[36mTRANSACTION (0.0ms)[0m  [1m[35mBEGIN immediate TRANSACTION /*application='CamaarRails'*/[0m
  [1m[35m (1.0ms)[0m  [1m[35mCREATE TABLE "classesses" ("id" integer PRIMARY KEY AUTOINCREMENT NOT NULL, "professor_ID" integer, "disciplina_ID" integer, "form_ID" integer, "semestre" varchar, "time" varchar, "created_at" datetime(6) NOT NULL, "updated_at" datetime(6) NOT NULL) /*application='CamaarRails'*/[0m
  [1m[36mActiveRecord::SchemaMigration Create (0.0ms)[0m  [1m[32mINSERT INTO "schema_migrations" ("version") VALUES ('20251126142607') RETURNING "version" /*application='CamaarRails'*/[0m
  [1m[36mTRANSACTION (0.1ms)[0m  [1m[35mCOMMIT TRANSACTION /*application='CamaarRails'*/[0m
Migrating to CreateStudents (20251126142619)
  [1m[36mTRANSACTION (0.0ms)[0m  [1m[35mBEGIN immediate TRANSACTION /*application='CamaarRails'*/[0m
  [1m[35m (1.0ms)[0m  [1m[35mCREATE TABLE "students" ("id" integer PRIMARY KEY AUTOINCREMENT NOT NULL, "registered" boolean, "senha" varchar, "nome" varchar, "curso" varchar, "matricula" varchar, "departamento" varchar, "formacao" varchar, "usuario" varchar, "email" varchar, "ocupacao" varchar, "created_at" datetime(6) NOT NULL, "updated_at" datetime(6) NOT NULL) /*application='CamaarRails'*/[0m
  [1m[36mActiveRecord::SchemaMigration Create (0.1ms)[0m  [1m[32mINSERT INTO "schema_migrations" ("version") VALUES ('20251126142619') RETURNING "version" /*application='CamaarRails'*/[0m
  [1m[36mTRANSACTION (0.1ms)[0m  [1m[35mCOMMIT TRANSACTION /*application='CamaarRails'*/[0m
Migrating to CreateProfessors (20251126142626)
  [1m[36mTRANSACTION (0.0ms)[0m  [1m[35mBEGIN immediate TRANSACTION /*application='CamaarRails'*/[0m
  [1m[35m (0.8ms)[0m  [1m[35mCREATE TABLE "professors" ("id" integer PRIMARY KEY AUTOINCREMENT NOT NULL, "senha" varchar, "nome" varchar, "departamento" varchar, "formacao" varchar, "usuario" varchar, "email" varchar, "ocupacao" varchar, "created_at" datetime(6) NOT NULL, "updated_at" datetime(6) NOT NULL) /*application='CamaarRails'*/[0m
  [1m[36mActiveRecord::SchemaMigration Create (0.0ms)[0m  [1m[32mINSERT INTO "schema_migrations" ("version") VALUES ('20251126142626') RETURNING "version" /*application='CamaarRails'*/[0m
  [1m[36mTRANSACTION (0.1ms)[0m  [1m[35mCOMMIT TRANSACTION /*application='CamaarRails'*/[0m
Migrating to CreateAdmins (20251126142631)
  [1m[36mTRANSACTION (0.0ms)[0m  [1m[35mBEGIN immediate TRANSACTION /*application='CamaarRails'*/[0m
  [1m[35m (0.9ms)[0m  [1m[35mCREATE TABLE "admins" ("id" integer PRIMARY KEY AUTOINCREMENT NOT NULL, "senha" varchar, "nome" varchar, "departamento" varchar, "formacao" varchar, "usuario" varchar, "email" varchar, "ocupacao" varchar, "created_at" datetime(6) NOT NULL, "updated_at" datetime(6) NOT NULL) /*application='CamaarRails'*/[0m
  [1m[36mActiveRecord::SchemaMigration Create (0.1ms)[0m  [1m[32mINSERT INTO "schema_migrations" ("version") VALUES ('20251126142631') RETURNING "version" /*application='CamaarRails'*/[0m
  [1m[36mTRANSACTION (0.2ms)[0m  [1m[35mCOMMIT TRANSACTION /*application='CamaarRails'*/[0m
  [1m[36mActiveRecord::SchemaMigration Load (0.0ms)[0m  [1m[34mSELECT "schema_migrations"."version" FROM "schema_migrations" ORDER BY "schema_migrations"."version" ASC /*application='CamaarRails'*/[0m
Started GET "/" for 127.0.0.1 at 2025-12-05 20:02:16 -0300
  [1m[36mActiveRecord::SchemaMigration Load (0.1ms)[0m  [1m[34mSELECT "schema_migrations"."version" FROM "schema_migrations" ORDER BY "schema_migrations"."version" ASC /*application='CamaarRails'*/[0m
  
ActiveRecord::PendingMigrationError (

Migrations are pending. To resolve this issue, run:

        bin/rails db:migrate

You have 1 pending migration:

db/migrate/20251202182030_create_join_tables.rb


):
  
activerecord (8.0.4) lib/active_record/migration.rb:742:in `check_pending_migrations'
activerecord (8.0.4) lib/active_record/migration.rb:659:in `block (2 levels) in call'
activesupport (8.0.4) lib/active_support/file_update_checker.rb:85:in `execute'
activerecord (8.0.4) lib/active_record/migration.rb:664:in `block in call'
activerecord (8.0.4) lib/active_record/migration.rb:656:in `synchronize'
activerecord (8.0.4) lib/active_record/migration.rb:656:in `call'
actionpack (8.0.4) lib/action_dispatch/middleware/callbacks.rb:31:in `block in call'
activesupport (8.0.4) lib/active_support/callbacks.rb:100:in `run_callbacks'
actionpack (8.0.4) lib/action_dispatch/middleware/callbacks.rb:30:in `call'
actionpack (8.0.4) lib/action_dispatch/middleware/executor.rb:16:in `call'
actionpack (8.0.4) lib/action_dispatch/middleware/actionable_exceptions.rb:18:in `call'
actionpack (8.0.4) lib/action_dispatch/middleware/debug_exceptions.rb:31:in `call'
web-console (4.2.1) lib/web_console/middleware.rb:132:in `call_app'
web-console (4.2.1) lib/web_console/middleware.rb:28:in `block in call'
web-console (4.2.1) lib/web_console/middleware.rb:17:in `catch'
web-console (4.2.1) lib/web_console/middleware.rb:17:in `call'
actionpack (8.0.4) lib/action_dispatch/middleware/show_exceptions.rb:32:in `call'
railties (8.0.4) lib/rails/rack/logger.rb:41:in `call_app'
railties (8.0.4) lib/rails/rack/logger.rb:29:in `call'
actionpack (8.0.4) lib/action_dispatch/middleware/remote_ip.rb:96:in `call'
actionpack (8.0.4) lib/action_dispatch/middleware/request_id.rb:34:in `call'
rack (3.2.4) lib/rack/method_override.rb:28:in `call'
rack (3.2.4) lib/rack/runtime.rb:24:in `call'
actionpack (8.0.4) lib/action_dispatch/middleware/server_timing.rb:61:in `block in call'
actionpack (8.0.4) lib/action_dispatch/middleware/server_timing.rb:26:in `collect_events'
actionpack (8.0.4) lib/action_dispatch/middleware/server_timing.rb:60:in `call'
actionpack (8.0.4) lib/action_dispatch/middleware/executor.rb:16:in `call'
propshaft (1.3.1) lib/propshaft/server.rb:37:in `call'
actionpack (8.0.4) lib/action_dispatch/middleware/static.rb:27:in `call'
rack (3.2.4) lib/rack/sendfile.rb:131:in `call'
actionpack (8.0.4) lib/action_dispatch/middleware/host_authorization.rb:143:in `call'
railties (8.0.4) lib/rails/engine.rb:535:in `call'
puma (7.1.0) lib/puma/configuration.rb:300:in `call'
puma (7.1.0) lib/puma/request.rb:101:in `block in handle_request'
puma (7.1.0) lib/puma/thread_pool.rb:355:in `with_force_shutdown'
puma (7.1.0) lib/puma/request.rb:100:in `handle_request'
puma (7.1.0) lib/puma/server.rb:503:in `process_client'
puma (7.1.0) lib/puma/server.rb:262:in `block in run'
puma (7.1.0) lib/puma/thread_pool.rb:182:in `block in spawn_thread'
Started GET "/favicon.ico" for 127.0.0.1 at 2025-12-05 20:02:16 -0300
  [1m[36mActiveRecord::SchemaMigration Load (0.1ms)[0m  [1m[34mSELECT "schema_migrations"."version" FROM "schema_migrations" ORDER BY "schema_migrations"."version" ASC /*application='CamaarRails'*/[0m
  
ActiveRecord::PendingMigrationError (

Migrations are pending. To resolve this issue, run:

        bin/rails db:migrate

You have 1 pending migration:

db/migrate/20251202182030_create_join_tables.rb


):
  
activerecord (8.0.4) lib/active_record/migration.rb:742:in `check_pending_migrations'
activerecord (8.0.4) lib/active_record/migration.rb:659:in `block (2 levels) in call'
activesupport (8.0.4) lib/active_support/file_update_checker.rb:85:in `execute'
activerecord (8.0.4) lib/active_record/migration.rb:664:in `block in call'
activerecord (8.0.4) lib/active_record/migration.rb:656:in `synchronize'
activerecord (8.0.4) lib/active_record/migration.rb:656:in `call'
actionpack (8.0.4) lib/action_dispatch/middleware/callbacks.rb:31:in `block in call'
activesupport (8.0.4) lib/active_support/callbacks.rb:100:in `run_callbacks'
actionpack (8.0.4) lib/action_dispatch/middleware/callbacks.rb:30:in `call'
actionpack (8.0.4) lib/action_dispatch/middleware/executor.rb:16:in `call'
actionpack (8.0.4) lib/action_dispatch/middleware/actionable_exceptions.rb:18:in `call'
actionpack (8.0.4) lib/action_dispatch/middleware/debug_exceptions.rb:31:in `call'
web-console (4.2.1) lib/web_console/middleware.rb:132:in `call_app'
web-console (4.2.1) lib/web_console/middleware.rb:28:in `block in call'
web-console (4.2.1) lib/web_console/middleware.rb:17:in `catch'
web-console (4.2.1) lib/web_console/middleware.rb:17:in `call'
actionpack (8.0.4) lib/action_dispatch/middleware/show_exceptions.rb:32:in `call'
railties (8.0.4) lib/rails/rack/logger.rb:41:in `call_app'
railties (8.0.4) lib/rails/rack/logger.rb:29:in `call'
actionpack (8.0.4) lib/action_dispatch/middleware/remote_ip.rb:96:in `call'
actionpack (8.0.4) lib/action_dispatch/middleware/request_id.rb:34:in `call'
rack (3.2.4) lib/rack/method_override.rb:28:in `call'
rack (3.2.4) lib/rack/runtime.rb:24:in `call'
actionpack (8.0.4) lib/action_dispatch/middleware/server_timing.rb:61:in `block in call'
actionpack (8.0.4) lib/action_dispatch/middleware/server_timing.rb:26:in `collect_events'
actionpack (8.0.4) lib/action_dispatch/middleware/server_timing.rb:60:in `call'
actionpack (8.0.4) lib/action_dispatch/middleware/executor.rb:16:in `call'
propshaft (1.3.1) lib/propshaft/server.rb:37:in `call'
actionpack (8.0.4) lib/action_dispatch/middleware/static.rb:27:in `call'
rack (3.2.4) lib/rack/sendfile.rb:131:in `call'
actionpack (8.0.4) lib/action_dispatch/middleware/host_authorization.rb:143:in `call'
railties (8.0.4) lib/rails/engine.rb:535:in `call'
puma (7.1.0) lib/puma/configuration.rb:300:in `call'
puma (7.1.0) lib/puma/request.rb:101:in `block in handle_request'
puma (7.1.0) lib/puma/thread_pool.rb:355:in `with_force_shutdown'
puma (7.1.0) lib/puma/request.rb:100:in `handle_request'
puma (7.1.0) lib/puma/server.rb:503:in `process_client'
puma (7.1.0) lib/puma/server.rb:262:in `block in run'
puma (7.1.0) lib/puma/thread_pool.rb:182:in `block in spawn_thread'
Started GET "/" for 127.0.0.1 at 2025-12-05 20:02:51 -0300
  [1m[36mActiveRecord::SchemaMigration Load (0.1ms)[0m  [1m[34mSELECT "schema_migrations"."version" FROM "schema_migrations" ORDER BY "schema_migrations"."version" ASC /*application='CamaarRails'*/[0m
  
ActiveRecord::PendingMigrationError (

Migrations are pending. To resolve this issue, run:

        bin/rails db:migrate

You have 1 pending migration:

db/migrate/20251202182030_create_join_tables.rb


):
  
activerecord (8.0.4) lib/active_record/migration.rb:742:in `check_pending_migrations'
activerecord (8.0.4) lib/active_record/migration.rb:659:in `block (2 levels) in call'
activesupport (8.0.4) lib/active_support/file_update_checker.rb:85:in `execute'
activerecord (8.0.4) lib/active_record/migration.rb:664:in `block in call'
activerecord (8.0.4) lib/active_record/migration.rb:656:in `synchronize'
activerecord (8.0.4) lib/active_record/migration.rb:656:in `call'
actionpack (8.0.4) lib/action_dispatch/middleware/callbacks.rb:31:in `block in call'
activesupport (8.0.4) lib/active_support/callbacks.rb:100:in `run_callbacks'
actionpack (8.0.4) lib/action_dispatch/middleware/callbacks.rb:30:in `call'
actionpack (8.0.4) lib/action_dispatch/middleware/executor.rb:16:in `call'
actionpack (8.0.4) lib/action_dispatch/middleware/actionable_exceptions.rb:18:in `call'
actionpack (8.0.4) lib/action_dispatch/middleware/debug_exceptions.rb:31:in `call'
web-console (4.2.1) lib/web_console/middleware.rb:132:in `call_app'
web-console (4.2.1) lib/web_console/middleware.rb:28:in `block in call'
web-console (4.2.1) lib/web_console/middleware.rb:17:in `catch'
web-console (4.2.1) lib/web_console/middleware.rb:17:in `call'
actionpack (8.0.4) lib/action_dispatch/middleware/show_exceptions.rb:32:in `call'
railties (8.0.4) lib/rails/rack/logger.rb:41:in `call_app'
railties (8.0.4) lib/rails/rack/logger.rb:29:in `call'
actionpack (8.0.4) lib/action_dispatch/middleware/remote_ip.rb:96:in `call'
actionpack (8.0.4) lib/action_dispatch/middleware/request_id.rb:34:in `call'
rack (3.2.4) lib/rack/method_override.rb:28:in `call'
rack (3.2.4) lib/rack/runtime.rb:24:in `call'
actionpack (8.0.4) lib/action_dispatch/middleware/server_timing.rb:61:in `block in call'
actionpack (8.0.4) lib/action_dispatch/middleware/server_timing.rb:26:in `collect_events'
actionpack (8.0.4) lib/action_dispatch/middleware/server_timing.rb:60:in `call'
actionpack (8.0.4) lib/action_dispatch/middleware/executor.rb:16:in `call'
propshaft (1.3.1) lib/propshaft/server.rb:37:in `call'
actionpack (8.0.4) lib/action_dispatch/middleware/static.rb:27:in `call'
rack (3.2.4) lib/rack/sendfile.rb:131:in `call'
actionpack (8.0.4) lib/action_dispatch/middleware/host_authorization.rb:143:in `call'
railties (8.0.4) lib/rails/engine.rb:535:in `call'
puma (7.1.0) lib/puma/configuration.rb:300:in `call'
puma (7.1.0) lib/puma/request.rb:101:in `block in handle_request'
puma (7.1.0) lib/puma/thread_pool.rb:355:in `with_force_shutdown'
puma (7.1.0) lib/puma/request.rb:100:in `handle_request'
puma (7.1.0) lib/puma/server.rb:503:in `process_client'
puma (7.1.0) lib/puma/server.rb:262:in `block in run'
puma (7.1.0) lib/puma/thread_pool.rb:182:in `block in spawn_thread'
Started GET "/" for 127.0.0.1 at 2025-12-05 20:03:06 -0300
  [1m[36mActiveRecord::SchemaMigration Load (0.1ms)[0m  [1m[34mSELECT "schema_migrations"."version" FROM "schema_migrations" ORDER BY "schema_migrations"."version" ASC /*application='CamaarRails'*/[0m
  
ActiveRecord::PendingMigrationError (

Migrations are pending. To resolve this issue, run:

        bin/rails db:migrate

You have 1 pending migration:

db/migrate/20251202182030_create_join_tables.rb


):
  
activerecord (8.0.4) lib/active_record/migration.rb:742:in `check_pending_migrations'
activerecord (8.0.4) lib/active_record/migration.rb:659:in `block (2 levels) in call'
activesupport (8.0.4) lib/active_support/file_update_checker.rb:85:in `execute'
activerecord (8.0.4) lib/active_record/migration.rb:664:in `block in call'
activerecord (8.0.4) lib/active_record/migration.rb:656:in `synchronize'
activerecord (8.0.4) lib/active_record/migration.rb:656:in `call'
actionpack (8.0.4) lib/action_dispatch/middleware/callbacks.rb:31:in `block in call'
activesupport (8.0.4) lib/active_support/callbacks.rb:100:in `run_callbacks'
actionpack (8.0.4) lib/action_dispatch/middleware/callbacks.rb:30:in `call'
actionpack (8.0.4) lib/action_dispatch/middleware/executor.rb:16:in `call'
actionpack (8.0.4) lib/action_dispatch/middleware/actionable_exceptions.rb:18:in `call'
actionpack (8.0.4) lib/action_dispatch/middleware/debug_exceptions.rb:31:in `call'
web-console (4.2.1) lib/web_console/middleware.rb:132:in `call_app'
web-console (4.2.1) lib/web_console/middleware.rb:28:in `block in call'
web-console (4.2.1) lib/web_console/middleware.rb:17:in `catch'
web-console (4.2.1) lib/web_console/middleware.rb:17:in `call'
actionpack (8.0.4) lib/action_dispatch/middleware/show_exceptions.rb:32:in `call'
railties (8.0.4) lib/rails/rack/logger.rb:41:in `call_app'
railties (8.0.4) lib/rails/rack/logger.rb:29:in `call'
actionpack (8.0.4) lib/action_dispatch/middleware/remote_ip.rb:96:in `call'
actionpack (8.0.4) lib/action_dispatch/middleware/request_id.rb:34:in `call'
rack (3.2.4) lib/rack/method_override.rb:28:in `call'
rack (3.2.4) lib/rack/runtime.rb:24:in `call'
actionpack (8.0.4) lib/action_dispatch/middleware/server_timing.rb:61:in `block in call'
actionpack (8.0.4) lib/action_dispatch/middleware/server_timing.rb:26:in `collect_events'
actionpack (8.0.4) lib/action_dispatch/middleware/server_timing.rb:60:in `call'
actionpack (8.0.4) lib/action_dispatch/middleware/executor.rb:16:in `call'
propshaft (1.3.1) lib/propshaft/server.rb:37:in `call'
actionpack (8.0.4) lib/action_dispatch/middleware/static.rb:27:in `call'
rack (3.2.4) lib/rack/sendfile.rb:131:in `call'
actionpack (8.0.4) lib/action_dispatch/middleware/host_authorization.rb:143:in `call'
railties (8.0.4) lib/rails/engine.rb:535:in `call'
puma (7.1.0) lib/puma/configuration.rb:300:in `call'
puma (7.1.0) lib/puma/request.rb:101:in `block in handle_request'
puma (7.1.0) lib/puma/thread_pool.rb:355:in `with_force_shutdown'
puma (7.1.0) lib/puma/request.rb:100:in `handle_request'
puma (7.1.0) lib/puma/server.rb:503:in `process_client'
puma (7.1.0) lib/puma/server.rb:262:in `block in run'
puma (7.1.0) lib/puma/thread_pool.rb:182:in `block in spawn_thread'
Started GET "/" for 127.0.0.1 at 2025-12-05 20:04:27 -0300
  [1m[36mActiveRecord::SchemaMigration Load (0.1ms)[0m  [1m[34mSELECT "schema_migrations"."version" FROM "schema_migrations" ORDER BY "schema_migrations"."version" ASC /*application='CamaarRails'*/[0m
  
ActiveRecord::PendingMigrationError (

Migrations are pending. To resolve this issue, run:

        bin/rails db:migrate

You have 1 pending migration:

db/migrate/20251205230420_create_join_tables.rb


):
  
activerecord (8.0.4) lib/active_record/migration.rb:742:in `check_pending_migrations'
activerecord (8.0.4) lib/active_record/migration.rb:659:in `block (2 levels) in call'
activesupport (8.0.4) lib/active_support/file_update_checker.rb:85:in `execute'
activerecord (8.0.4) lib/active_record/migration.rb:664:in `block in call'
activerecord (8.0.4) lib/active_record/migration.rb:656:in `synchronize'
activerecord (8.0.4) lib/active_record/migration.rb:656:in `call'
actionpack (8.0.4) lib/action_dispatch/middleware/callbacks.rb:31:in `block in call'
activesupport (8.0.4) lib/active_support/callbacks.rb:100:in `run_callbacks'
actionpack (8.0.4) lib/action_dispatch/middleware/callbacks.rb:30:in `call'
actionpack (8.0.4) lib/action_dispatch/middleware/executor.rb:16:in `call'
actionpack (8.0.4) lib/action_dispatch/middleware/actionable_exceptions.rb:18:in `call'
actionpack (8.0.4) lib/action_dispatch/middleware/debug_exceptions.rb:31:in `call'
web-console (4.2.1) lib/web_console/middleware.rb:132:in `call_app'
web-console (4.2.1) lib/web_console/middleware.rb:28:in `block in call'
web-console (4.2.1) lib/web_console/middleware.rb:17:in `catch'
web-console (4.2.1) lib/web_console/middleware.rb:17:in `call'
actionpack (8.0.4) lib/action_dispatch/middleware/show_exceptions.rb:32:in `call'
railties (8.0.4) lib/rails/rack/logger.rb:41:in `call_app'
railties (8.0.4) lib/rails/rack/logger.rb:29:in `call'
actionpack (8.0.4) lib/action_dispatch/middleware/remote_ip.rb:96:in `call'
actionpack (8.0.4) lib/action_dispatch/middleware/request_id.rb:34:in `call'
rack (3.2.4) lib/rack/method_override.rb:28:in `call'
rack (3.2.4) lib/rack/runtime.rb:24:in `call'
actionpack (8.0.4) lib/action_dispatch/middleware/server_timing.rb:61:in `block in call'
actionpack (8.0.4) lib/action_dispatch/middleware/server_timing.rb:26:in `collect_events'
actionpack (8.0.4) lib/action_dispatch/middleware/server_timing.rb:60:in `call'
actionpack (8.0.4) lib/action_dispatch/middleware/executor.rb:16:in `call'
propshaft (1.3.1) lib/propshaft/server.rb:37:in `call'
actionpack (8.0.4) lib/action_dispatch/middleware/static.rb:27:in `call'
rack (3.2.4) lib/rack/sendfile.rb:131:in `call'
actionpack (8.0.4) lib/action_dispatch/middleware/host_authorization.rb:143:in `call'
railties (8.0.4) lib/rails/engine.rb:535:in `call'
puma (7.1.0) lib/puma/configuration.rb:300:in `call'
puma (7.1.0) lib/puma/request.rb:101:in `block in handle_request'
puma (7.1.0) lib/puma/thread_pool.rb:355:in `with_force_shutdown'
puma (7.1.0) lib/puma/request.rb:100:in `handle_request'
puma (7.1.0) lib/puma/server.rb:503:in `process_client'
puma (7.1.0) lib/puma/server.rb:262:in `block in run'
puma (7.1.0) lib/puma/thread_pool.rb:182:in `block in spawn_thread'
Started GET "/" for 127.0.0.1 at 2025-12-05 20:05:46 -0300
  [1m[36mActiveRecord::SchemaMigration Load (0.1ms)[0m  [1m[34mSELECT "schema_migrations"."version" FROM "schema_migrations" ORDER BY "schema_migrations"."version" ASC /*application='CamaarRails'*/[0m
  
ActiveRecord::PendingMigrationError (

Migrations are pending. To resolve this issue, run:

        bin/rails db:migrate

You have 1 pending migration:

db/migrate/20251205230420_create_join_tables.rb


):
  
activerecord (8.0.4) lib/active_record/migration.rb:742:in `check_pending_migrations'
activerecord (8.0.4) lib/active_record/migration.rb:659:in `block (2 levels) in call'
activesupport (8.0.4) lib/active_support/file_update_checker.rb:85:in `execute'
activerecord (8.0.4) lib/active_record/migration.rb:664:in `block in call'
activerecord (8.0.4) lib/active_record/migration.rb:656:in `synchronize'
activerecord (8.0.4) lib/active_record/migration.rb:656:in `call'
actionpack (8.0.4) lib/action_dispatch/middleware/callbacks.rb:31:in `block in call'
activesupport (8.0.4) lib/active_support/callbacks.rb:100:in `run_callbacks'
actionpack (8.0.4) lib/action_dispatch/middleware/callbacks.rb:30:in `call'
actionpack (8.0.4) lib/action_dispatch/middleware/executor.rb:16:in `call'
actionpack (8.0.4) lib/action_dispatch/middleware/actionable_exceptions.rb:18:in `call'
actionpack (8.0.4) lib/action_dispatch/middleware/debug_exceptions.rb:31:in `call'
web-console (4.2.1) lib/web_console/middleware.rb:132:in `call_app'
web-console (4.2.1) lib/web_console/middleware.rb:28:in `block in call'
web-console (4.2.1) lib/web_console/middleware.rb:17:in `catch'
web-console (4.2.1) lib/web_console/middleware.rb:17:in `call'
actionpack (8.0.4) lib/action_dispatch/middleware/show_exceptions.rb:32:in `call'
railties (8.0.4) lib/rails/rack/logger.rb:41:in `call_app'
railties (8.0.4) lib/rails/rack/logger.rb:29:in `call'
actionpack (8.0.4) lib/action_dispatch/middleware/remote_ip.rb:96:in `call'
actionpack (8.0.4) lib/action_dispatch/middleware/request_id.rb:34:in `call'
rack (3.2.4) lib/rack/method_override.rb:28:in `call'
rack (3.2.4) lib/rack/runtime.rb:24:in `call'
actionpack (8.0.4) lib/action_dispatch/middleware/server_timing.rb:61:in `block in call'
actionpack (8.0.4) lib/action_dispatch/middleware/server_timing.rb:26:in `collect_events'
actionpack (8.0.4) lib/action_dispatch/middleware/server_timing.rb:60:in `call'
actionpack (8.0.4) lib/action_dispatch/middleware/executor.rb:16:in `call'
propshaft (1.3.1) lib/propshaft/server.rb:37:in `call'
actionpack (8.0.4) lib/action_dispatch/middleware/static.rb:27:in `call'
rack (3.2.4) lib/rack/sendfile.rb:131:in `call'
actionpack (8.0.4) lib/action_dispatch/middleware/host_authorization.rb:143:in `call'
railties (8.0.4) lib/rails/engine.rb:535:in `call'
puma (7.1.0) lib/puma/configuration.rb:300:in `call'
puma (7.1.0) lib/puma/request.rb:101:in `block in handle_request'
puma (7.1.0) lib/puma/thread_pool.rb:355:in `with_force_shutdown'
puma (7.1.0) lib/puma/request.rb:100:in `handle_request'
puma (7.1.0) lib/puma/server.rb:503:in `process_client'
puma (7.1.0) lib/puma/server.rb:262:in `block in run'
puma (7.1.0) lib/puma/thread_pool.rb:182:in `block in spawn_thread'
  [1m[36mActiveRecord::InternalMetadata Load (0.5ms)[0m  [1m[34mSELECT * FROM "ar_internal_metadata" WHERE "ar_internal_metadata"."key" = 'environment' ORDER BY "ar_internal_metadata"."key" ASC LIMIT 1 /*application='CamaarRails'*/[0m
  [1m[36mActiveRecord::SchemaMigration Load (0.0ms)[0m  [1m[34mSELECT "schema_migrations"."version" FROM "schema_migrations" ORDER BY "schema_migrations"."version" ASC /*application='CamaarRails'*/[0m
Migrating to CreateJoinTables (20251205230420)
  [1m[36mTRANSACTION (0.0ms)[0m  [1m[35mBEGIN immediate TRANSACTION /*application='CamaarRails'*/[0m
  [1m[35m (1.1ms)[0m  [1m[35mCREATE TABLE "alunos_turmas" ("aluno_id" integer, "turma_id" integer) /*application='CamaarRails'*/[0m
  [1m[35m (0.1ms)[0m  [1m[35mCREATE INDEX "index_alunos_turmas_on_aluno_id" ON "alunos_turmas" ("aluno_id") /*application='CamaarRails'*/[0m
  [1m[35m (0.1ms)[0m  [1m[35mCREATE INDEX "index_alunos_turmas_on_turma_id" ON "alunos_turmas" ("turma_id") /*application='CamaarRails'*/[0m
  [1m[35m (0.1ms)[0m  [1m[35mCREATE UNIQUE INDEX "index_alunos_turmas_on_aluno_id_and_turma_id" ON "alunos_turmas" ("aluno_id", "turma_id") /*application='CamaarRails'*/[0m
  [1m[35m (0.1ms)[0m  [1m[35mCREATE TABLE "alunos_formularios" ("aluno_id" integer, "formulario_id" integer) /*application='CamaarRails'*/[0m
  [1m[35m (0.1ms)[0m  [1m[35mCREATE INDEX "index_alunos_formularios_on_aluno_id" ON "alunos_formularios" ("aluno_id") /*application='CamaarRails'*/[0m
  [1m[35m (0.1ms)[0m  [1m[35mCREATE INDEX "index_alunos_formularios_on_formulario_id" ON "alunos_formularios" ("formulario_id") /*application='CamaarRails'*/[0m
  [1m[35m (0.5ms)[0m  [1m[35mCREATE UNIQUE INDEX "index_alunos_formularios_on_aluno_id_and_formulario_id" ON "alunos_formularios" ("aluno_id", "formulario_id") /*application='CamaarRails'*/[0m
  [1m[36mActiveRecord::SchemaMigration Create (0.1ms)[0m  [1m[32mINSERT INTO "schema_migrations" ("version") VALUES ('20251205230420') RETURNING "version" /*application='CamaarRails'*/[0m
  [1m[36mTRANSACTION (1.9ms)[0m  [1m[35mCOMMIT TRANSACTION /*application='CamaarRails'*/[0m
  [1m[36mActiveRecord::SchemaMigration Load (0.0ms)[0m  [1m[34mSELECT "schema_migrations"."version" FROM "schema_migrations" ORDER BY "schema_migrations"."version" ASC /*application='CamaarRails'*/[0m
Started GET "/" for 127.0.0.1 at 2025-12-05 20:08:11 -0300
  [1m[36mActiveRecord::SchemaMigration Load (0.1ms)[0m  [1m[34mSELECT "schema_migrations"."version" FROM "schema_migrations" ORDER BY "schema_migrations"."version" ASC /*application='CamaarRails'*/[0m
Processing by Rails::WelcomeController#index as HTML
  Rendering /home/indianomen/.rbenv/versions/3.2.0/lib/ruby/gems/3.2.0/gems/railties-8.0.4/lib/rails/templates/rails/welcome/index.html.erb
  Rendered /home/indianomen/.rbenv/versions/3.2.0/lib/ruby/gems/3.2.0/gems/railties-8.0.4/lib/rails/templates/rails/welcome/index.html.erb (Duration: 0.9ms | GC: 0.0ms)
Completed 200 OK in 15ms (Views: 2.4ms | ActiveRecord: 0.0ms (0 queries, 0 cached) | GC: 0.4ms)


Started GET "/questions" for 127.0.0.1 at 2025-12-05 20:09:32 -0300
Processing by QuestionsController#index as HTML
  Rendering layout layouts/application.html.erb
  Rendering questions/index.html.erb within layouts/application
  [1m[36mQuestion Load (2.1ms)[0m  [1m[34mSELECT "questions".* FROM "questions" /*action='index',application='CamaarRails',controller='questions'*/[0m
  ↳ app/views/questions/index.html.erb:8
  Rendered questions/index.html.erb within layouts/application (Duration: 5.2ms | GC: 0.0ms)
  Rendered layout layouts/application.html.erb (Duration: 14.0ms | GC: 0.8ms)
Completed 200 OK in 71ms (Views: 12.2ms | ActiveRecord: 3.3ms (1 query, 0 cached) | GC: 11.7ms)


Started GET "/questions/new" for 127.0.0.1 at 2025-12-05 20:10:26 -0300
Processing by QuestionsController#new as HTML
  Rendering layout layouts/application.html.erb
  Rendering questions/new.html.erb within layouts/application
  Rendered questions/_form.html.erb (Duration: 19.9ms | GC: 0.0ms)
  Rendered questions/new.html.erb within layouts/application (Duration: 20.9ms | GC: 0.0ms)
  Rendered layout layouts/application.html.erb (Duration: 21.4ms | GC: 0.0ms)
Completed 200 OK in 35ms (Views: 21.7ms | ActiveRecord: 0.3ms (0 queries, 0 cached) | GC: 1.1ms)


Started GET "/questions" for 127.0.0.1 at 2025-12-05 20:10:33 -0300
Processing by QuestionsController#index as HTML
  Rendering layout layouts/application.html.erb
  Rendering questions/index.html.erb within layouts/application
  [1m[36mQuestion Load (0.1ms)[0m  [1m[34mSELECT "questions".* FROM "questions" /*action='index',application='CamaarRails',controller='questions'*/[0m
  ↳ app/views/questions/index.html.erb:8
  Rendered questions/index.html.erb within layouts/application (Duration: 1.9ms | GC: 0.0ms)
  Rendered layout layouts/application.html.erb (Duration: 2.7ms | GC: 0.0ms)
Completed 200 OK in 11ms (Views: 2.9ms | ActiveRecord: 0.1ms (1 query, 0 cached) | GC: 0.0ms)


Started GET "/questions/new" for 127.0.0.1 at 2025-12-05 20:10:39 -0300
Processing by QuestionsController#new as HTML
  Rendering layout layouts/application.html.erb
  Rendering questions/new.html.erb within layouts/application
  Rendered questions/_form.html.erb (Duration: 1.3ms | GC: 0.0ms)
  Rendered questions/new.html.erb within layouts/application (Duration: 1.7ms | GC: 0.0ms)
  Rendered layout layouts/application.html.erb (Duration: 2.3ms | GC: 0.0ms)
Completed 200 OK in 10ms (Views: 2.7ms | ActiveRecord: 0.0ms (0 queries, 0 cached) | GC: 0.0ms)


Started GET "/questions/new" for 127.0.0.1 at 2025-12-05 20:10:51 -0300
Processing by QuestionsController#new as HTML
  Rendering layout layouts/application.html.erb
  Rendering questions/new.html.erb within layouts/application
  Rendered questions/_form.html.erb (Duration: 1.2ms | GC: 0.0ms)
  Rendered questions/new.html.erb within layouts/application (Duration: 1.5ms | GC: 0.0ms)
  Rendered layout layouts/application.html.erb (Duration: 2.0ms | GC: 0.0ms)
Completed 200 OK in 10ms (Views: 2.3ms | ActiveRecord: 0.0ms (0 queries, 0 cached) | GC: 0.0ms)


Started GET "/admin" for 127.0.0.1 at 2025-12-05 20:11:01 -0300
  
ActionController::RoutingError (No route matches [GET] "/admin"):
  
Started GET "/favicon.ico" for 127.0.0.1 at 2025-12-05 20:11:01 -0300
  
ActionController::RoutingError (No route matches [GET] "/favicon.ico"):
  
Started GET "/form" for 127.0.0.1 at 2025-12-05 20:11:07 -0300
  
ActionController::RoutingError (No route matches [GET] "/form"):
  
Started GET "/forms" for 127.0.0.1 at 2025-12-05 20:11:16 -0300
Processing by FormsController#index as HTML
  Rendering layout layouts/application.html.erb
  Rendering forms/index.html.erb within layouts/application
  [1m[36mForm Load (0.2ms)[0m  [1m[34mSELECT "forms".* FROM "forms" /*action='index',application='CamaarRails',controller='forms'*/[0m
  ↳ app/views/forms/index.html.erb:8
  Rendered forms/index.html.erb within layouts/application (Duration: 1.7ms | GC: 0.0ms)
  Rendered layout layouts/application.html.erb (Duration: 2.3ms | GC: 0.0ms)
Completed 200 OK in 18ms (Views: 2.6ms | ActiveRecord: 0.2ms (1 query, 0 cached) | GC: 0.0ms)


Started GET "/forms/new" for 127.0.0.1 at 2025-12-05 20:11:20 -0300
Processing by FormsController#new as HTML
  Rendering layout layouts/application.html.erb
  Rendering forms/new.html.erb within layouts/application
  Rendered forms/_form.html.erb (Duration: 0.3ms | GC: 0.0ms)
  Rendered forms/new.html.erb within layouts/application (Duration: 1.5ms | GC: 0.0ms)
  Rendered layout layouts/application.html.erb (Duration: 2.4ms | GC: 0.0ms)
Completed 200 OK in 16ms (Views: 2.8ms | ActiveRecord: 0.3ms (0 queries, 0 cached) | GC: 0.0ms)


